current directory: /home/vagrant/work/ServerManager_vendor/bundle/ruby/2.3.0/gems/puma-2.16.0/ext/puma_http11
/usr/bin/ruby2.3 -r ./siteconf20160610-18889-18uf9lu.rb extconf.rb
checking for BIO_read() in -lcrypto... yes
checking for SSL_CTX_new() in -lssl... yes
checking for openssl/bio.h... yes
creating Makefile

To see why this extension failed to compile, please check the mkmf.log which can be found here:

  /home/vagrant/work/ServerManager_vendor/bundle/ruby/2.3.0/extensions/x86_64-linux/2.3.0/puma-2.16.0/mkmf.log

current directory: /home/vagrant/work/ServerManager_vendor/bundle/ruby/2.3.0/gems/puma-2.16.0/ext/puma_http11
make "DESTDIR=" clean

current directory: /home/vagrant/work/ServerManager_vendor/bundle/ruby/2.3.0/gems/puma-2.16.0/ext/puma_http11
make "DESTDIR="
compiling puma_http11.c
compiling http11_parser.c
compiling mini_ssl.c
In file included from mini_ssl.c:4:0:
/usr/include/ruby-2.3.0/ruby/backward/rubyio.h:2:2: warning: #warning use "ruby/io.h" instead of "rubyio.h" [-Wcpp]
 #warning use "ruby/io.h" instead of "rubyio.h"
  ^
compiling io_buffer.c
linking shared-object puma/puma_http11.so

current directory: /home/vagrant/work/ServerManager_vendor/bundle/ruby/2.3.0/gems/puma-2.16.0/ext/puma_http11
make "DESTDIR=" install
/usr/bin/install -c -m 0755 puma_http11.so ./.gem.20160610-18889-1t90zgs/puma
