current directory: /home/vagrant/work/ServerManager_vendor/bundle/ruby/2.3.0/gems/mysql2-0.3.18/ext/mysql2
/usr/bin/ruby2.3 -r ./siteconf20160610-18889-18vk06f.rb extconf.rb
checking for ruby/thread.h... yes
checking for rb_thread_call_without_gvl() in ruby/thread.h... yes
checking for rb_thread_blocking_region()... no
checking for rb_wait_for_single_fd()... yes
checking for rb_hash_dup()... yes
checking for rb_intern3()... yes
-----
Using mysql_config at /usr/bin/mysql_config
-----
checking for mysql.h... yes
checking for errmsg.h... yes
checking for mysqld_error.h... yes
-----
Setting rpath to /usr/lib/x86_64-linux-gnu
-----
creating Makefile

To see why this extension failed to compile, please check the mkmf.log which can be found here:

  /home/vagrant/work/ServerManager_vendor/bundle/ruby/2.3.0/extensions/x86_64-linux/2.3.0/mysql2-0.3.18/mkmf.log

current directory: /home/vagrant/work/ServerManager_vendor/bundle/ruby/2.3.0/gems/mysql2-0.3.18/ext/mysql2
make "DESTDIR=" clean

current directory: /home/vagrant/work/ServerManager_vendor/bundle/ruby/2.3.0/gems/mysql2-0.3.18/ext/mysql2
make "DESTDIR="
compiling result.c
compiling mysql2_ext.c
compiling client.c
compiling infile.c
linking shared-object mysql2/mysql2.so

current directory: /home/vagrant/work/ServerManager_vendor/bundle/ruby/2.3.0/gems/mysql2-0.3.18/ext/mysql2
make "DESTDIR=" install
/usr/bin/install -c -m 0755 mysql2.so ./.gem.20160610-18889-1juo3bt/mysql2
