current directory: /home/vagrant/work/ServerManager_vendor/bundle/ruby/2.3.0/gems/nokogiri-1.6.0/ext/nokogiri
/usr/bin/ruby2.3 -r ./siteconf20160610-18889-uv346o.rb extconf.rb
checking for libxml/parser.h... yes
checking for libxslt/xslt.h... yes
checking for libexslt/exslt.h... yes
checking for iconv_open() in iconv.h... yes
checking for xmlParseDoc() in -lxml2... yes
checking for xsltParseStylesheetDoc() in -lxslt... yes
checking for exsltFuncRegister() in -lexslt... yes
checking for xmlHasFeature()... yes
checking for xmlFirstElementChild()... yes
checking for xmlRelaxNGSetParserStructuredErrors()... yes
checking for xmlRelaxNGSetParserStructuredErrors()... yes
checking for xmlRelaxNGSetValidStructuredErrors()... yes
checking for xmlSchemaSetValidStructuredErrors()... yes
checking for xmlSchemaSetParserStructuredErrors()... yes
creating Makefile

To see why this extension failed to compile, please check the mkmf.log which can be found here:

  /home/vagrant/work/ServerManager_vendor/bundle/ruby/2.3.0/extensions/x86_64-linux/2.3.0/nokogiri-1.6.0/mkmf.log

current directory: /home/vagrant/work/ServerManager_vendor/bundle/ruby/2.3.0/gems/nokogiri-1.6.0/ext/nokogiri
make "DESTDIR=" clean

current directory: /home/vagrant/work/ServerManager_vendor/bundle/ruby/2.3.0/gems/nokogiri-1.6.0/ext/nokogiri
make "DESTDIR="
compiling html_element_description.c
In file included from /usr/include/ruby-2.3.0/ruby.h:33:0,
                 from ./nokogiri.h:33,
                 from ./html_element_description.h:4,
                 from html_element_description.c:1:
html_element_description.c: In function ‘get_description’:
html_element_description.c:252:40: warning: cast discards ‘const’ qualifier from pointer target type [-Wcast-qual]
   return Data_Wrap_Struct(klass, 0, 0, (void *)description);
                                        ^
/usr/include/ruby-2.3.0/ruby/ruby.h:1167:34: note: in definition of macro ‘Data_Wrap_Struct’
     rb_data_object_wrap((klass),(sval),(RUBY_DATA_FUNC)(mark),(RUBY_DATA_FUNC)(free))
                                  ^
compiling html_document.c
compiling xml_encoding_handler.c
compiling html_entity_lookup.c
compiling xml_entity_reference.c
compiling html_sax_parser_context.c
compiling xml_element_decl.c
compiling xml_element_content.c
compiling xml_attribute_decl.c
compiling xml_sax_parser.c
compiling xml_attr.c
compiling xml_document.c
xml_document.c: In function ‘set_encoding’:
xml_document.c:159:12: warning: cast discards ‘const’ qualifier from pointer target type [-Wcast-qual]
       free((char *) doc->encoding); /* this may produce a gcc cast warning */
            ^
xml_document.c: In function ‘canonicalize’:
xml_document.c:505:15: warning: cast discards ‘const’ qualifier from pointer target type [-Wcast-qual]
       ns[i] = (xmlChar*) ptr;
               ^
compiling xml_entity_decl.c
compiling xslt_stylesheet.c
In file included from /usr/include/ruby-2.3.0/ruby.h:33:0,
                 from ./nokogiri.h:33,
                 from ./xslt_stylesheet.h:4,
                 from xslt_stylesheet.c:1:
xslt_stylesheet.c: In function ‘initFunc’:
xslt_stylesheet.c:217:21: warning: passing argument 1 of ‘rb_data_object_get’ makes integer from pointer without a cast [-Wint-conversion]
     Data_Get_Struct(ctxt->style->_private, nokogiriXsltStylesheetTuple,
                     ^
/usr/include/ruby-2.3.0/ruby/ruby.h:1205:41: note: in definition of macro ‘Data_Get_Struct’
     ((sval) = (type*)rb_data_object_get(obj))
                                         ^
/usr/include/ruby-2.3.0/ruby/ruby.h:1397:1: note: expected ‘VALUE {aka long unsigned int}’ but argument is of type ‘void *’
 rb_data_object_get(VALUE obj)
 ^
xslt_stylesheet.c: In function ‘shutdownFunc’:
xslt_stylesheet.c:230:21: warning: passing argument 1 of ‘rb_data_object_get’ makes integer from pointer without a cast [-Wint-conversion]
     Data_Get_Struct(ctxt->style->_private, nokogiriXsltStylesheetTuple,
                     ^
/usr/include/ruby-2.3.0/ruby/ruby.h:1205:41: note: in definition of macro ‘Data_Get_Struct’
     ((sval) = (type*)rb_data_object_get(obj))
                                         ^
/usr/include/ruby-2.3.0/ruby/ruby.h:1397:1: note: expected ‘VALUE {aka long unsigned int}’ but argument is of type ‘void *’
 rb_data_object_get(VALUE obj)
 ^
compiling xml_relax_ng.c
compiling xml_dtd.c
compiling xml_reader.c
compiling xml_io.c
compiling xml_document_fragment.c
compiling xml_processing_instruction.c
compiling xml_comment.c
compiling xml_node_set.c
xml_node_set.c: In function ‘dealloc_namespace’:
xml_node_set.c:9:13: warning: cast discards ‘const’ qualifier from pointer target type [-Wcast-qual]
     xmlFree((xmlChar *)ns->href);
             ^
xml_node_set.c:11:13: warning: cast discards ‘const’ qualifier from pointer target type [-Wcast-qual]
     xmlFree((xmlChar *)ns->prefix);
             ^
compiling xml_cdata.c
compiling xml_sax_parser_context.c
compiling xml_sax_push_parser.c
compiling xml_namespace.c
compiling nokogiri.c
compiling xml_schema.c
compiling xml_xpath_context.c
compiling xml_node.c
compiling xml_libxml2_hacks.c
compiling xml_text.c
compiling xml_syntax_error.c
compiling html_sax_push_parser.c
linking shared-object nokogiri/nokogiri.so

current directory: /home/vagrant/work/ServerManager_vendor/bundle/ruby/2.3.0/gems/nokogiri-1.6.0/ext/nokogiri
make "DESTDIR=" install
/usr/bin/install -c -m 0755 nokogiri.so ./.gem.20160610-18889-43iwcq/nokogiri
