package configuration for libxslt is not found
package configuration for libxml-2.0 is not found
package configuration for libiconv is not found
find_header: checking for libxml/parser.h... -------------------- yes

"gcc -o conftest -I/usr/include/x86_64-linux-gnu/ruby-2.3.0 -I/usr/include/ruby-2.3.0/ruby/backward -I/usr/include/ruby-2.3.0 -I. -I/opt/local/include/libxml2 -I/usr/local/include/libxml2 -I/opt/local/include -I/usr/local/include -I/usr/include -I/usr/include -I/usr/include/libxml2 -D_FORTIFY_SOURCE=2   -g -O2 -fstack-protector-strong -Wformat -Werror=format-security -fPIC  -g -DXP_UNIX -Wall -Wcast-qual -Wwrite-strings -Wconversion -Wmissing-noreturn -Winline conftest.c  -L. -L/usr/lib/x86_64-linux-gnu -L/opt/local/lib -L/usr/local/lib -L/usr/lib -L. -Wl,-Bsymbolic-functions -Wl,-z,relro -L/build/ruby2.3-AB8QJM/ruby2.3-2.3.1/debian/lib -fstack-protector -rdynamic -Wl,-export-dynamic     -lruby-2.3  -lpthread -lgmp -ldl -lcrypt -lm   -lc "
checked program was:
/* begin */
1: #include "ruby.h"
2: 
3: int main(int argc, char **argv)
4: {
5:   return 0;
6: }
/* end */

"gcc -E -I/usr/include/x86_64-linux-gnu/ruby-2.3.0 -I/usr/include/ruby-2.3.0/ruby/backward -I/usr/include/ruby-2.3.0 -I. -I/opt/local/include/libxml2 -I/usr/local/include/libxml2 -I/opt/local/include -I/usr/local/include -I/usr/include -I/usr/include -I/usr/include/libxml2 -D_FORTIFY_SOURCE=2   -g -O2 -fstack-protector-strong -Wformat -Werror=format-security -fPIC  -g -DXP_UNIX -Wall -Wcast-qual -Wwrite-strings -Wconversion -Wmissing-noreturn -Winline  conftest.c -o conftest.i"
checked program was:
/* begin */
1: #include "ruby.h"
2: 
3: #include <libxml/parser.h>
/* end */

--------------------

find_header: checking for libxslt/xslt.h... -------------------- yes

"gcc -E -I/usr/include/x86_64-linux-gnu/ruby-2.3.0 -I/usr/include/ruby-2.3.0/ruby/backward -I/usr/include/ruby-2.3.0 -I. -I/opt/local/include/libxml2 -I/usr/local/include/libxml2 -I/opt/local/include -I/usr/local/include -I/usr/include -I/usr/include -I/usr/include/libxml2 -D_FORTIFY_SOURCE=2   -g -O2 -fstack-protector-strong -Wformat -Werror=format-security -fPIC  -g -DXP_UNIX -Wall -Wcast-qual -Wwrite-strings -Wconversion -Wmissing-noreturn -Winline  conftest.c -o conftest.i"
checked program was:
/* begin */
1: #include "ruby.h"
2: 
3: #include <libxslt/xslt.h>
/* end */

--------------------

find_header: checking for libexslt/exslt.h... -------------------- yes

"gcc -E -I/usr/include/x86_64-linux-gnu/ruby-2.3.0 -I/usr/include/ruby-2.3.0/ruby/backward -I/usr/include/ruby-2.3.0 -I. -I/opt/local/include/libxml2 -I/usr/local/include/libxml2 -I/opt/local/include -I/usr/local/include -I/usr/include -I/usr/include -I/usr/include/libxml2 -D_FORTIFY_SOURCE=2   -g -O2 -fstack-protector-strong -Wformat -Werror=format-security -fPIC  -g -DXP_UNIX -Wall -Wcast-qual -Wwrite-strings -Wconversion -Wmissing-noreturn -Winline  conftest.c -o conftest.i"
checked program was:
/* begin */
1: #include "ruby.h"
2: 
3: #include <libexslt/exslt.h>
/* end */

--------------------

have_func: checking for iconv_open() in iconv.h... -------------------- yes

"gcc -o conftest -I/usr/include/x86_64-linux-gnu/ruby-2.3.0 -I/usr/include/ruby-2.3.0/ruby/backward -I/usr/include/ruby-2.3.0 -I. -I/opt/local/include/libxml2 -I/usr/local/include/libxml2 -I/opt/local/include -I/usr/local/include -I/usr/include -I/usr/include -I/usr/include/libxml2 -D_FORTIFY_SOURCE=2   -g -O2 -fstack-protector-strong -Wformat -Werror=format-security -fPIC  -g -DXP_UNIX -Wall -Wcast-qual -Wwrite-strings -Wconversion -Wmissing-noreturn -Winline conftest.c  -L. -L/usr/lib/x86_64-linux-gnu -L/opt/local/lib -L/usr/local/lib -L/usr/lib -L. -Wl,-Bsymbolic-functions -Wl,-z,relro -L/build/ruby2.3-AB8QJM/ruby2.3-2.3.1/debian/lib -fstack-protector -rdynamic -Wl,-export-dynamic     -lruby-2.3  -lpthread -lgmp -ldl -lcrypt -lm   -lc "
checked program was:
/* begin */
 1: #include "ruby.h"
 2: 
 3: #include <iconv.h>
 4: 
 5: /*top*/
 6: extern int t(void);
 7: int main(int argc, char **argv)
 8: {
 9:   if (argc > 1000000) {
10:     printf("%p", &t);
11:   }
12: 
13:   return 0;
14: }
15: int t(void) { void ((*volatile p)()); p = (void ((*)()))iconv_open; return !p; }
/* end */

--------------------

find_library: checking for xmlParseDoc() in -lxml2... -------------------- yes

"gcc -o conftest -I/usr/include/x86_64-linux-gnu/ruby-2.3.0 -I/usr/include/ruby-2.3.0/ruby/backward -I/usr/include/ruby-2.3.0 -I. -I/opt/local/include/libxml2 -I/usr/local/include/libxml2 -I/opt/local/include -I/usr/local/include -I/usr/include -I/usr/include -I/usr/include/libxml2 -D_FORTIFY_SOURCE=2   -g -O2 -fstack-protector-strong -Wformat -Werror=format-security -fPIC  -g -DXP_UNIX -Wall -Wcast-qual -Wwrite-strings -Wconversion -Wmissing-noreturn -Winline conftest.c  -L. -L/usr/lib/x86_64-linux-gnu -L/opt/local/lib -L/usr/local/lib -L/usr/lib -L. -Wl,-Bsymbolic-functions -Wl,-z,relro -L/build/ruby2.3-AB8QJM/ruby2.3-2.3.1/debian/lib -fstack-protector -rdynamic -Wl,-export-dynamic     -lruby-2.3 -lxml2  -lpthread -lgmp -ldl -lcrypt -lm   -lc "
conftest.c: In function ‘t’:
conftest.c:13:57: error: ‘xmlParseDoc’ undeclared (first use in this function)
 int t(void) { void ((*volatile p)()); p = (void ((*)()))xmlParseDoc; return !p; }
                                                         ^
conftest.c:13:57: note: each undeclared identifier is reported only once for each function it appears in
checked program was:
/* begin */
 1: #include "ruby.h"
 2: 
 3: /*top*/
 4: extern int t(void);
 5: int main(int argc, char **argv)
 6: {
 7:   if (argc > 1000000) {
 8:     printf("%p", &t);
 9:   }
10: 
11:   return 0;
12: }
13: int t(void) { void ((*volatile p)()); p = (void ((*)()))xmlParseDoc; return !p; }
/* end */

"gcc -o conftest -I/usr/include/x86_64-linux-gnu/ruby-2.3.0 -I/usr/include/ruby-2.3.0/ruby/backward -I/usr/include/ruby-2.3.0 -I. -I/opt/local/include/libxml2 -I/usr/local/include/libxml2 -I/opt/local/include -I/usr/local/include -I/usr/include -I/usr/include -I/usr/include/libxml2 -D_FORTIFY_SOURCE=2   -g -O2 -fstack-protector-strong -Wformat -Werror=format-security -fPIC  -g -DXP_UNIX -Wall -Wcast-qual -Wwrite-strings -Wconversion -Wmissing-noreturn -Winline conftest.c  -L. -L/usr/lib/x86_64-linux-gnu -L/opt/local/lib -L/usr/local/lib -L/usr/lib -L. -Wl,-Bsymbolic-functions -Wl,-z,relro -L/build/ruby2.3-AB8QJM/ruby2.3-2.3.1/debian/lib -fstack-protector -rdynamic -Wl,-export-dynamic     -lruby-2.3 -lxml2  -lpthread -lgmp -ldl -lcrypt -lm   -lc "
checked program was:
/* begin */
 1: #include "ruby.h"
 2: 
 3: /*top*/
 4: extern int t(void);
 5: int main(int argc, char **argv)
 6: {
 7:   if (argc > 1000000) {
 8:     printf("%p", &t);
 9:   }
10: 
11:   return 0;
12: }
13: extern void xmlParseDoc();
14: int t(void) { xmlParseDoc(); return 0; }
/* end */

--------------------

find_library: checking for xsltParseStylesheetDoc() in -lxslt... -------------------- yes

"gcc -o conftest -I/usr/include/x86_64-linux-gnu/ruby-2.3.0 -I/usr/include/ruby-2.3.0/ruby/backward -I/usr/include/ruby-2.3.0 -I. -I/opt/local/include/libxml2 -I/usr/local/include/libxml2 -I/opt/local/include -I/usr/local/include -I/usr/include -I/usr/include -I/usr/include/libxml2 -D_FORTIFY_SOURCE=2   -g -O2 -fstack-protector-strong -Wformat -Werror=format-security -fPIC  -g -DXP_UNIX -Wall -Wcast-qual -Wwrite-strings -Wconversion -Wmissing-noreturn -Winline conftest.c  -L. -L/usr/lib/x86_64-linux-gnu -L/opt/local/lib -L/usr/local/lib -L/usr/lib -L. -Wl,-Bsymbolic-functions -Wl,-z,relro -L/build/ruby2.3-AB8QJM/ruby2.3-2.3.1/debian/lib -fstack-protector -rdynamic -Wl,-export-dynamic    -lxml2  -lruby-2.3 -lxslt -lxml2  -lpthread -lgmp -ldl -lcrypt -lm   -lc "
conftest.c: In function ‘t’:
conftest.c:13:57: error: ‘xsltParseStylesheetDoc’ undeclared (first use in this function)
 int t(void) { void ((*volatile p)()); p = (void ((*)()))xsltParseStylesheetDoc; return !p; }
                                                         ^
conftest.c:13:57: note: each undeclared identifier is reported only once for each function it appears in
checked program was:
/* begin */
 1: #include "ruby.h"
 2: 
 3: /*top*/
 4: extern int t(void);
 5: int main(int argc, char **argv)
 6: {
 7:   if (argc > 1000000) {
 8:     printf("%p", &t);
 9:   }
10: 
11:   return 0;
12: }
13: int t(void) { void ((*volatile p)()); p = (void ((*)()))xsltParseStylesheetDoc; return !p; }
/* end */

"gcc -o conftest -I/usr/include/x86_64-linux-gnu/ruby-2.3.0 -I/usr/include/ruby-2.3.0/ruby/backward -I/usr/include/ruby-2.3.0 -I. -I/opt/local/include/libxml2 -I/usr/local/include/libxml2 -I/opt/local/include -I/usr/local/include -I/usr/include -I/usr/include -I/usr/include/libxml2 -D_FORTIFY_SOURCE=2   -g -O2 -fstack-protector-strong -Wformat -Werror=format-security -fPIC  -g -DXP_UNIX -Wall -Wcast-qual -Wwrite-strings -Wconversion -Wmissing-noreturn -Winline conftest.c  -L. -L/usr/lib/x86_64-linux-gnu -L/opt/local/lib -L/usr/local/lib -L/usr/lib -L. -Wl,-Bsymbolic-functions -Wl,-z,relro -L/build/ruby2.3-AB8QJM/ruby2.3-2.3.1/debian/lib -fstack-protector -rdynamic -Wl,-export-dynamic    -lxml2  -lruby-2.3 -lxslt -lxml2  -lpthread -lgmp -ldl -lcrypt -lm   -lc "
checked program was:
/* begin */
 1: #include "ruby.h"
 2: 
 3: /*top*/
 4: extern int t(void);
 5: int main(int argc, char **argv)
 6: {
 7:   if (argc > 1000000) {
 8:     printf("%p", &t);
 9:   }
10: 
11:   return 0;
12: }
13: extern void xsltParseStylesheetDoc();
14: int t(void) { xsltParseStylesheetDoc(); return 0; }
/* end */

--------------------

find_library: checking for exsltFuncRegister() in -lexslt... -------------------- yes

"gcc -o conftest -I/usr/include/x86_64-linux-gnu/ruby-2.3.0 -I/usr/include/ruby-2.3.0/ruby/backward -I/usr/include/ruby-2.3.0 -I. -I/opt/local/include/libxml2 -I/usr/local/include/libxml2 -I/opt/local/include -I/usr/local/include -I/usr/include -I/usr/include -I/usr/include/libxml2 -D_FORTIFY_SOURCE=2   -g -O2 -fstack-protector-strong -Wformat -Werror=format-security -fPIC  -g -DXP_UNIX -Wall -Wcast-qual -Wwrite-strings -Wconversion -Wmissing-noreturn -Winline conftest.c  -L. -L/usr/lib/x86_64-linux-gnu -L/opt/local/lib -L/usr/local/lib -L/usr/lib -L. -Wl,-Bsymbolic-functions -Wl,-z,relro -L/build/ruby2.3-AB8QJM/ruby2.3-2.3.1/debian/lib -fstack-protector -rdynamic -Wl,-export-dynamic    -lxslt -lxml2  -lruby-2.3 -lexslt -lxslt -lxml2  -lpthread -lgmp -ldl -lcrypt -lm   -lc "
conftest.c: In function ‘t’:
conftest.c:13:57: error: ‘exsltFuncRegister’ undeclared (first use in this function)
 int t(void) { void ((*volatile p)()); p = (void ((*)()))exsltFuncRegister; return !p; }
                                                         ^
conftest.c:13:57: note: each undeclared identifier is reported only once for each function it appears in
checked program was:
/* begin */
 1: #include "ruby.h"
 2: 
 3: /*top*/
 4: extern int t(void);
 5: int main(int argc, char **argv)
 6: {
 7:   if (argc > 1000000) {
 8:     printf("%p", &t);
 9:   }
10: 
11:   return 0;
12: }
13: int t(void) { void ((*volatile p)()); p = (void ((*)()))exsltFuncRegister; return !p; }
/* end */

"gcc -o conftest -I/usr/include/x86_64-linux-gnu/ruby-2.3.0 -I/usr/include/ruby-2.3.0/ruby/backward -I/usr/include/ruby-2.3.0 -I. -I/opt/local/include/libxml2 -I/usr/local/include/libxml2 -I/opt/local/include -I/usr/local/include -I/usr/include -I/usr/include -I/usr/include/libxml2 -D_FORTIFY_SOURCE=2   -g -O2 -fstack-protector-strong -Wformat -Werror=format-security -fPIC  -g -DXP_UNIX -Wall -Wcast-qual -Wwrite-strings -Wconversion -Wmissing-noreturn -Winline conftest.c  -L. -L/usr/lib/x86_64-linux-gnu -L/opt/local/lib -L/usr/local/lib -L/usr/lib -L. -Wl,-Bsymbolic-functions -Wl,-z,relro -L/build/ruby2.3-AB8QJM/ruby2.3-2.3.1/debian/lib -fstack-protector -rdynamic -Wl,-export-dynamic    -lxslt -lxml2  -lruby-2.3 -lexslt -lxslt -lxml2  -lpthread -lgmp -ldl -lcrypt -lm   -lc "
checked program was:
/* begin */
 1: #include "ruby.h"
 2: 
 3: /*top*/
 4: extern int t(void);
 5: int main(int argc, char **argv)
 6: {
 7:   if (argc > 1000000) {
 8:     printf("%p", &t);
 9:   }
10: 
11:   return 0;
12: }
13: extern void exsltFuncRegister();
14: int t(void) { exsltFuncRegister(); return 0; }
/* end */

--------------------

have_func: checking for xmlHasFeature()... -------------------- yes

"gcc -o conftest -I/usr/include/x86_64-linux-gnu/ruby-2.3.0 -I/usr/include/ruby-2.3.0/ruby/backward -I/usr/include/ruby-2.3.0 -I. -I/opt/local/include/libxml2 -I/usr/local/include/libxml2 -I/opt/local/include -I/usr/local/include -I/usr/include -I/usr/include -I/usr/include/libxml2 -D_FORTIFY_SOURCE=2   -g -O2 -fstack-protector-strong -Wformat -Werror=format-security -fPIC  -g -DXP_UNIX -Wall -Wcast-qual -Wwrite-strings -Wconversion -Wmissing-noreturn -Winline conftest.c  -L. -L/usr/lib/x86_64-linux-gnu -L/opt/local/lib -L/usr/local/lib -L/usr/lib -L. -Wl,-Bsymbolic-functions -Wl,-z,relro -L/build/ruby2.3-AB8QJM/ruby2.3-2.3.1/debian/lib -fstack-protector -rdynamic -Wl,-export-dynamic    -lexslt -lxslt -lxml2  -lruby-2.3 -lexslt -lxslt -lxml2  -lpthread -lgmp -ldl -lcrypt -lm   -lc "
conftest.c: In function ‘t’:
conftest.c:13:57: error: ‘xmlHasFeature’ undeclared (first use in this function)
 int t(void) { void ((*volatile p)()); p = (void ((*)()))xmlHasFeature; return !p; }
                                                         ^
conftest.c:13:57: note: each undeclared identifier is reported only once for each function it appears in
checked program was:
/* begin */
 1: #include "ruby.h"
 2: 
 3: /*top*/
 4: extern int t(void);
 5: int main(int argc, char **argv)
 6: {
 7:   if (argc > 1000000) {
 8:     printf("%p", &t);
 9:   }
10: 
11:   return 0;
12: }
13: int t(void) { void ((*volatile p)()); p = (void ((*)()))xmlHasFeature; return !p; }
/* end */

"gcc -o conftest -I/usr/include/x86_64-linux-gnu/ruby-2.3.0 -I/usr/include/ruby-2.3.0/ruby/backward -I/usr/include/ruby-2.3.0 -I. -I/opt/local/include/libxml2 -I/usr/local/include/libxml2 -I/opt/local/include -I/usr/local/include -I/usr/include -I/usr/include -I/usr/include/libxml2 -D_FORTIFY_SOURCE=2   -g -O2 -fstack-protector-strong -Wformat -Werror=format-security -fPIC  -g -DXP_UNIX -Wall -Wcast-qual -Wwrite-strings -Wconversion -Wmissing-noreturn -Winline conftest.c  -L. -L/usr/lib/x86_64-linux-gnu -L/opt/local/lib -L/usr/local/lib -L/usr/lib -L. -Wl,-Bsymbolic-functions -Wl,-z,relro -L/build/ruby2.3-AB8QJM/ruby2.3-2.3.1/debian/lib -fstack-protector -rdynamic -Wl,-export-dynamic    -lexslt -lxslt -lxml2  -lruby-2.3 -lexslt -lxslt -lxml2  -lpthread -lgmp -ldl -lcrypt -lm   -lc "
checked program was:
/* begin */
 1: #include "ruby.h"
 2: 
 3: /*top*/
 4: extern int t(void);
 5: int main(int argc, char **argv)
 6: {
 7:   if (argc > 1000000) {
 8:     printf("%p", &t);
 9:   }
10: 
11:   return 0;
12: }
13: extern void xmlHasFeature();
14: int t(void) { xmlHasFeature(); return 0; }
/* end */

--------------------

have_func: checking for xmlFirstElementChild()... -------------------- yes

"gcc -o conftest -I/usr/include/x86_64-linux-gnu/ruby-2.3.0 -I/usr/include/ruby-2.3.0/ruby/backward -I/usr/include/ruby-2.3.0 -I. -I/opt/local/include/libxml2 -I/usr/local/include/libxml2 -I/opt/local/include -I/usr/local/include -I/usr/include -I/usr/include -I/usr/include/libxml2 -D_FORTIFY_SOURCE=2   -g -O2 -fstack-protector-strong -Wformat -Werror=format-security -fPIC  -g -DXP_UNIX -Wall -Wcast-qual -Wwrite-strings -Wconversion -Wmissing-noreturn -Winline conftest.c  -L. -L/usr/lib/x86_64-linux-gnu -L/opt/local/lib -L/usr/local/lib -L/usr/lib -L. -Wl,-Bsymbolic-functions -Wl,-z,relro -L/build/ruby2.3-AB8QJM/ruby2.3-2.3.1/debian/lib -fstack-protector -rdynamic -Wl,-export-dynamic    -lexslt -lxslt -lxml2  -lruby-2.3 -lexslt -lxslt -lxml2  -lpthread -lgmp -ldl -lcrypt -lm   -lc "
conftest.c: In function ‘t’:
conftest.c:13:57: error: ‘xmlFirstElementChild’ undeclared (first use in this function)
 int t(void) { void ((*volatile p)()); p = (void ((*)()))xmlFirstElementChild; return !p; }
                                                         ^
conftest.c:13:57: note: each undeclared identifier is reported only once for each function it appears in
checked program was:
/* begin */
 1: #include "ruby.h"
 2: 
 3: /*top*/
 4: extern int t(void);
 5: int main(int argc, char **argv)
 6: {
 7:   if (argc > 1000000) {
 8:     printf("%p", &t);
 9:   }
10: 
11:   return 0;
12: }
13: int t(void) { void ((*volatile p)()); p = (void ((*)()))xmlFirstElementChild; return !p; }
/* end */

"gcc -o conftest -I/usr/include/x86_64-linux-gnu/ruby-2.3.0 -I/usr/include/ruby-2.3.0/ruby/backward -I/usr/include/ruby-2.3.0 -I. -I/opt/local/include/libxml2 -I/usr/local/include/libxml2 -I/opt/local/include -I/usr/local/include -I/usr/include -I/usr/include -I/usr/include/libxml2 -D_FORTIFY_SOURCE=2   -g -O2 -fstack-protector-strong -Wformat -Werror=format-security -fPIC  -g -DXP_UNIX -Wall -Wcast-qual -Wwrite-strings -Wconversion -Wmissing-noreturn -Winline conftest.c  -L. -L/usr/lib/x86_64-linux-gnu -L/opt/local/lib -L/usr/local/lib -L/usr/lib -L. -Wl,-Bsymbolic-functions -Wl,-z,relro -L/build/ruby2.3-AB8QJM/ruby2.3-2.3.1/debian/lib -fstack-protector -rdynamic -Wl,-export-dynamic    -lexslt -lxslt -lxml2  -lruby-2.3 -lexslt -lxslt -lxml2  -lpthread -lgmp -ldl -lcrypt -lm   -lc "
checked program was:
/* begin */
 1: #include "ruby.h"
 2: 
 3: /*top*/
 4: extern int t(void);
 5: int main(int argc, char **argv)
 6: {
 7:   if (argc > 1000000) {
 8:     printf("%p", &t);
 9:   }
10: 
11:   return 0;
12: }
13: extern void xmlFirstElementChild();
14: int t(void) { xmlFirstElementChild(); return 0; }
/* end */

--------------------

have_func: checking for xmlRelaxNGSetParserStructuredErrors()... -------------------- yes

"gcc -o conftest -I/usr/include/x86_64-linux-gnu/ruby-2.3.0 -I/usr/include/ruby-2.3.0/ruby/backward -I/usr/include/ruby-2.3.0 -I. -I/opt/local/include/libxml2 -I/usr/local/include/libxml2 -I/opt/local/include -I/usr/local/include -I/usr/include -I/usr/include -I/usr/include/libxml2 -D_FORTIFY_SOURCE=2   -g -O2 -fstack-protector-strong -Wformat -Werror=format-security -fPIC  -g -DXP_UNIX -Wall -Wcast-qual -Wwrite-strings -Wconversion -Wmissing-noreturn -Winline conftest.c  -L. -L/usr/lib/x86_64-linux-gnu -L/opt/local/lib -L/usr/local/lib -L/usr/lib -L. -Wl,-Bsymbolic-functions -Wl,-z,relro -L/build/ruby2.3-AB8QJM/ruby2.3-2.3.1/debian/lib -fstack-protector -rdynamic -Wl,-export-dynamic    -lexslt -lxslt -lxml2  -lruby-2.3 -lexslt -lxslt -lxml2  -lpthread -lgmp -ldl -lcrypt -lm   -lc "
conftest.c: In function ‘t’:
conftest.c:13:57: error: ‘xmlRelaxNGSetParserStructuredErrors’ undeclared (first use in this function)
 int t(void) { void ((*volatile p)()); p = (void ((*)()))xmlRelaxNGSetParserStructuredErrors; return !p; }
                                                         ^
conftest.c:13:57: note: each undeclared identifier is reported only once for each function it appears in
checked program was:
/* begin */
 1: #include "ruby.h"
 2: 
 3: /*top*/
 4: extern int t(void);
 5: int main(int argc, char **argv)
 6: {
 7:   if (argc > 1000000) {
 8:     printf("%p", &t);
 9:   }
10: 
11:   return 0;
12: }
13: int t(void) { void ((*volatile p)()); p = (void ((*)()))xmlRelaxNGSetParserStructuredErrors; return !p; }
/* end */

"gcc -o conftest -I/usr/include/x86_64-linux-gnu/ruby-2.3.0 -I/usr/include/ruby-2.3.0/ruby/backward -I/usr/include/ruby-2.3.0 -I. -I/opt/local/include/libxml2 -I/usr/local/include/libxml2 -I/opt/local/include -I/usr/local/include -I/usr/include -I/usr/include -I/usr/include/libxml2 -D_FORTIFY_SOURCE=2   -g -O2 -fstack-protector-strong -Wformat -Werror=format-security -fPIC  -g -DXP_UNIX -Wall -Wcast-qual -Wwrite-strings -Wconversion -Wmissing-noreturn -Winline conftest.c  -L. -L/usr/lib/x86_64-linux-gnu -L/opt/local/lib -L/usr/local/lib -L/usr/lib -L. -Wl,-Bsymbolic-functions -Wl,-z,relro -L/build/ruby2.3-AB8QJM/ruby2.3-2.3.1/debian/lib -fstack-protector -rdynamic -Wl,-export-dynamic    -lexslt -lxslt -lxml2  -lruby-2.3 -lexslt -lxslt -lxml2  -lpthread -lgmp -ldl -lcrypt -lm   -lc "
checked program was:
/* begin */
 1: #include "ruby.h"
 2: 
 3: /*top*/
 4: extern int t(void);
 5: int main(int argc, char **argv)
 6: {
 7:   if (argc > 1000000) {
 8:     printf("%p", &t);
 9:   }
10: 
11:   return 0;
12: }
13: extern void xmlRelaxNGSetParserStructuredErrors();
14: int t(void) { xmlRelaxNGSetParserStructuredErrors(); return 0; }
/* end */

--------------------

have_func: checking for xmlRelaxNGSetParserStructuredErrors()... -------------------- yes

"gcc -o conftest -I/usr/include/x86_64-linux-gnu/ruby-2.3.0 -I/usr/include/ruby-2.3.0/ruby/backward -I/usr/include/ruby-2.3.0 -I. -I/opt/local/include/libxml2 -I/usr/local/include/libxml2 -I/opt/local/include -I/usr/local/include -I/usr/include -I/usr/include -I/usr/include/libxml2 -D_FORTIFY_SOURCE=2   -g -O2 -fstack-protector-strong -Wformat -Werror=format-security -fPIC  -g -DXP_UNIX -Wall -Wcast-qual -Wwrite-strings -Wconversion -Wmissing-noreturn -Winline conftest.c  -L. -L/usr/lib/x86_64-linux-gnu -L/opt/local/lib -L/usr/local/lib -L/usr/lib -L. -Wl,-Bsymbolic-functions -Wl,-z,relro -L/build/ruby2.3-AB8QJM/ruby2.3-2.3.1/debian/lib -fstack-protector -rdynamic -Wl,-export-dynamic    -lexslt -lxslt -lxml2  -lruby-2.3 -lexslt -lxslt -lxml2  -lpthread -lgmp -ldl -lcrypt -lm   -lc "
conftest.c: In function ‘t’:
conftest.c:13:57: error: ‘xmlRelaxNGSetParserStructuredErrors’ undeclared (first use in this function)
 int t(void) { void ((*volatile p)()); p = (void ((*)()))xmlRelaxNGSetParserStructuredErrors; return !p; }
                                                         ^
conftest.c:13:57: note: each undeclared identifier is reported only once for each function it appears in
checked program was:
/* begin */
 1: #include "ruby.h"
 2: 
 3: /*top*/
 4: extern int t(void);
 5: int main(int argc, char **argv)
 6: {
 7:   if (argc > 1000000) {
 8:     printf("%p", &t);
 9:   }
10: 
11:   return 0;
12: }
13: int t(void) { void ((*volatile p)()); p = (void ((*)()))xmlRelaxNGSetParserStructuredErrors; return !p; }
/* end */

"gcc -o conftest -I/usr/include/x86_64-linux-gnu/ruby-2.3.0 -I/usr/include/ruby-2.3.0/ruby/backward -I/usr/include/ruby-2.3.0 -I. -I/opt/local/include/libxml2 -I/usr/local/include/libxml2 -I/opt/local/include -I/usr/local/include -I/usr/include -I/usr/include -I/usr/include/libxml2 -D_FORTIFY_SOURCE=2   -g -O2 -fstack-protector-strong -Wformat -Werror=format-security -fPIC  -g -DXP_UNIX -Wall -Wcast-qual -Wwrite-strings -Wconversion -Wmissing-noreturn -Winline conftest.c  -L. -L/usr/lib/x86_64-linux-gnu -L/opt/local/lib -L/usr/local/lib -L/usr/lib -L. -Wl,-Bsymbolic-functions -Wl,-z,relro -L/build/ruby2.3-AB8QJM/ruby2.3-2.3.1/debian/lib -fstack-protector -rdynamic -Wl,-export-dynamic    -lexslt -lxslt -lxml2  -lruby-2.3 -lexslt -lxslt -lxml2  -lpthread -lgmp -ldl -lcrypt -lm   -lc "
checked program was:
/* begin */
 1: #include "ruby.h"
 2: 
 3: /*top*/
 4: extern int t(void);
 5: int main(int argc, char **argv)
 6: {
 7:   if (argc > 1000000) {
 8:     printf("%p", &t);
 9:   }
10: 
11:   return 0;
12: }
13: extern void xmlRelaxNGSetParserStructuredErrors();
14: int t(void) { xmlRelaxNGSetParserStructuredErrors(); return 0; }
/* end */

--------------------

have_func: checking for xmlRelaxNGSetValidStructuredErrors()... -------------------- yes

"gcc -o conftest -I/usr/include/x86_64-linux-gnu/ruby-2.3.0 -I/usr/include/ruby-2.3.0/ruby/backward -I/usr/include/ruby-2.3.0 -I. -I/opt/local/include/libxml2 -I/usr/local/include/libxml2 -I/opt/local/include -I/usr/local/include -I/usr/include -I/usr/include -I/usr/include/libxml2 -D_FORTIFY_SOURCE=2   -g -O2 -fstack-protector-strong -Wformat -Werror=format-security -fPIC  -g -DXP_UNIX -Wall -Wcast-qual -Wwrite-strings -Wconversion -Wmissing-noreturn -Winline conftest.c  -L. -L/usr/lib/x86_64-linux-gnu -L/opt/local/lib -L/usr/local/lib -L/usr/lib -L. -Wl,-Bsymbolic-functions -Wl,-z,relro -L/build/ruby2.3-AB8QJM/ruby2.3-2.3.1/debian/lib -fstack-protector -rdynamic -Wl,-export-dynamic    -lexslt -lxslt -lxml2  -lruby-2.3 -lexslt -lxslt -lxml2  -lpthread -lgmp -ldl -lcrypt -lm   -lc "
conftest.c: In function ‘t’:
conftest.c:13:57: error: ‘xmlRelaxNGSetValidStructuredErrors’ undeclared (first use in this function)
 int t(void) { void ((*volatile p)()); p = (void ((*)()))xmlRelaxNGSetValidStructuredErrors; return !p; }
                                                         ^
conftest.c:13:57: note: each undeclared identifier is reported only once for each function it appears in
checked program was:
/* begin */
 1: #include "ruby.h"
 2: 
 3: /*top*/
 4: extern int t(void);
 5: int main(int argc, char **argv)
 6: {
 7:   if (argc > 1000000) {
 8:     printf("%p", &t);
 9:   }
10: 
11:   return 0;
12: }
13: int t(void) { void ((*volatile p)()); p = (void ((*)()))xmlRelaxNGSetValidStructuredErrors; return !p; }
/* end */

"gcc -o conftest -I/usr/include/x86_64-linux-gnu/ruby-2.3.0 -I/usr/include/ruby-2.3.0/ruby/backward -I/usr/include/ruby-2.3.0 -I. -I/opt/local/include/libxml2 -I/usr/local/include/libxml2 -I/opt/local/include -I/usr/local/include -I/usr/include -I/usr/include -I/usr/include/libxml2 -D_FORTIFY_SOURCE=2   -g -O2 -fstack-protector-strong -Wformat -Werror=format-security -fPIC  -g -DXP_UNIX -Wall -Wcast-qual -Wwrite-strings -Wconversion -Wmissing-noreturn -Winline conftest.c  -L. -L/usr/lib/x86_64-linux-gnu -L/opt/local/lib -L/usr/local/lib -L/usr/lib -L. -Wl,-Bsymbolic-functions -Wl,-z,relro -L/build/ruby2.3-AB8QJM/ruby2.3-2.3.1/debian/lib -fstack-protector -rdynamic -Wl,-export-dynamic    -lexslt -lxslt -lxml2  -lruby-2.3 -lexslt -lxslt -lxml2  -lpthread -lgmp -ldl -lcrypt -lm   -lc "
checked program was:
/* begin */
 1: #include "ruby.h"
 2: 
 3: /*top*/
 4: extern int t(void);
 5: int main(int argc, char **argv)
 6: {
 7:   if (argc > 1000000) {
 8:     printf("%p", &t);
 9:   }
10: 
11:   return 0;
12: }
13: extern void xmlRelaxNGSetValidStructuredErrors();
14: int t(void) { xmlRelaxNGSetValidStructuredErrors(); return 0; }
/* end */

--------------------

have_func: checking for xmlSchemaSetValidStructuredErrors()... -------------------- yes

"gcc -o conftest -I/usr/include/x86_64-linux-gnu/ruby-2.3.0 -I/usr/include/ruby-2.3.0/ruby/backward -I/usr/include/ruby-2.3.0 -I. -I/opt/local/include/libxml2 -I/usr/local/include/libxml2 -I/opt/local/include -I/usr/local/include -I/usr/include -I/usr/include -I/usr/include/libxml2 -D_FORTIFY_SOURCE=2   -g -O2 -fstack-protector-strong -Wformat -Werror=format-security -fPIC  -g -DXP_UNIX -Wall -Wcast-qual -Wwrite-strings -Wconversion -Wmissing-noreturn -Winline conftest.c  -L. -L/usr/lib/x86_64-linux-gnu -L/opt/local/lib -L/usr/local/lib -L/usr/lib -L. -Wl,-Bsymbolic-functions -Wl,-z,relro -L/build/ruby2.3-AB8QJM/ruby2.3-2.3.1/debian/lib -fstack-protector -rdynamic -Wl,-export-dynamic    -lexslt -lxslt -lxml2  -lruby-2.3 -lexslt -lxslt -lxml2  -lpthread -lgmp -ldl -lcrypt -lm   -lc "
conftest.c: In function ‘t’:
conftest.c:13:57: error: ‘xmlSchemaSetValidStructuredErrors’ undeclared (first use in this function)
 int t(void) { void ((*volatile p)()); p = (void ((*)()))xmlSchemaSetValidStructuredErrors; return !p; }
                                                         ^
conftest.c:13:57: note: each undeclared identifier is reported only once for each function it appears in
checked program was:
/* begin */
 1: #include "ruby.h"
 2: 
 3: /*top*/
 4: extern int t(void);
 5: int main(int argc, char **argv)
 6: {
 7:   if (argc > 1000000) {
 8:     printf("%p", &t);
 9:   }
10: 
11:   return 0;
12: }
13: int t(void) { void ((*volatile p)()); p = (void ((*)()))xmlSchemaSetValidStructuredErrors; return !p; }
/* end */

"gcc -o conftest -I/usr/include/x86_64-linux-gnu/ruby-2.3.0 -I/usr/include/ruby-2.3.0/ruby/backward -I/usr/include/ruby-2.3.0 -I. -I/opt/local/include/libxml2 -I/usr/local/include/libxml2 -I/opt/local/include -I/usr/local/include -I/usr/include -I/usr/include -I/usr/include/libxml2 -D_FORTIFY_SOURCE=2   -g -O2 -fstack-protector-strong -Wformat -Werror=format-security -fPIC  -g -DXP_UNIX -Wall -Wcast-qual -Wwrite-strings -Wconversion -Wmissing-noreturn -Winline conftest.c  -L. -L/usr/lib/x86_64-linux-gnu -L/opt/local/lib -L/usr/local/lib -L/usr/lib -L. -Wl,-Bsymbolic-functions -Wl,-z,relro -L/build/ruby2.3-AB8QJM/ruby2.3-2.3.1/debian/lib -fstack-protector -rdynamic -Wl,-export-dynamic    -lexslt -lxslt -lxml2  -lruby-2.3 -lexslt -lxslt -lxml2  -lpthread -lgmp -ldl -lcrypt -lm   -lc "
checked program was:
/* begin */
 1: #include "ruby.h"
 2: 
 3: /*top*/
 4: extern int t(void);
 5: int main(int argc, char **argv)
 6: {
 7:   if (argc > 1000000) {
 8:     printf("%p", &t);
 9:   }
10: 
11:   return 0;
12: }
13: extern void xmlSchemaSetValidStructuredErrors();
14: int t(void) { xmlSchemaSetValidStructuredErrors(); return 0; }
/* end */

--------------------

have_func: checking for xmlSchemaSetParserStructuredErrors()... -------------------- yes

"gcc -o conftest -I/usr/include/x86_64-linux-gnu/ruby-2.3.0 -I/usr/include/ruby-2.3.0/ruby/backward -I/usr/include/ruby-2.3.0 -I. -I/opt/local/include/libxml2 -I/usr/local/include/libxml2 -I/opt/local/include -I/usr/local/include -I/usr/include -I/usr/include -I/usr/include/libxml2 -D_FORTIFY_SOURCE=2   -g -O2 -fstack-protector-strong -Wformat -Werror=format-security -fPIC  -g -DXP_UNIX -Wall -Wcast-qual -Wwrite-strings -Wconversion -Wmissing-noreturn -Winline conftest.c  -L. -L/usr/lib/x86_64-linux-gnu -L/opt/local/lib -L/usr/local/lib -L/usr/lib -L. -Wl,-Bsymbolic-functions -Wl,-z,relro -L/build/ruby2.3-AB8QJM/ruby2.3-2.3.1/debian/lib -fstack-protector -rdynamic -Wl,-export-dynamic    -lexslt -lxslt -lxml2  -lruby-2.3 -lexslt -lxslt -lxml2  -lpthread -lgmp -ldl -lcrypt -lm   -lc "
conftest.c: In function ‘t’:
conftest.c:13:57: error: ‘xmlSchemaSetParserStructuredErrors’ undeclared (first use in this function)
 int t(void) { void ((*volatile p)()); p = (void ((*)()))xmlSchemaSetParserStructuredErrors; return !p; }
                                                         ^
conftest.c:13:57: note: each undeclared identifier is reported only once for each function it appears in
checked program was:
/* begin */
 1: #include "ruby.h"
 2: 
 3: /*top*/
 4: extern int t(void);
 5: int main(int argc, char **argv)
 6: {
 7:   if (argc > 1000000) {
 8:     printf("%p", &t);
 9:   }
10: 
11:   return 0;
12: }
13: int t(void) { void ((*volatile p)()); p = (void ((*)()))xmlSchemaSetParserStructuredErrors; return !p; }
/* end */

"gcc -o conftest -I/usr/include/x86_64-linux-gnu/ruby-2.3.0 -I/usr/include/ruby-2.3.0/ruby/backward -I/usr/include/ruby-2.3.0 -I. -I/opt/local/include/libxml2 -I/usr/local/include/libxml2 -I/opt/local/include -I/usr/local/include -I/usr/include -I/usr/include -I/usr/include/libxml2 -D_FORTIFY_SOURCE=2   -g -O2 -fstack-protector-strong -Wformat -Werror=format-security -fPIC  -g -DXP_UNIX -Wall -Wcast-qual -Wwrite-strings -Wconversion -Wmissing-noreturn -Winline conftest.c  -L. -L/usr/lib/x86_64-linux-gnu -L/opt/local/lib -L/usr/local/lib -L/usr/lib -L. -Wl,-Bsymbolic-functions -Wl,-z,relro -L/build/ruby2.3-AB8QJM/ruby2.3-2.3.1/debian/lib -fstack-protector -rdynamic -Wl,-export-dynamic    -lexslt -lxslt -lxml2  -lruby-2.3 -lexslt -lxslt -lxml2  -lpthread -lgmp -ldl -lcrypt -lm   -lc "
checked program was:
/* begin */
 1: #include "ruby.h"
 2: 
 3: /*top*/
 4: extern int t(void);
 5: int main(int argc, char **argv)
 6: {
 7:   if (argc > 1000000) {
 8:     printf("%p", &t);
 9:   }
10: 
11:   return 0;
12: }
13: extern void xmlSchemaSetParserStructuredErrors();
14: int t(void) { xmlSchemaSetParserStructuredErrors(); return 0; }
/* end */

--------------------

